{"id":1,"type":"info","level":2,"name":"app","meta":{},"content":"\u001b[38;5;15;1mKoishi/4.17.7\u001b[0m","timestamp":1755074966524}
{"id":2,"type":"info","level":2,"name":"loader","meta":{},"content":"apply plugin \u001b[38;5;45mgroup:entry\u001b[0m","timestamp":1755074966581}
{"id":3,"type":"info","level":2,"name":"loader","meta":{},"content":"apply plugin \u001b[38;5;45mgroup:server\u001b[0m","timestamp":1755074966582}
{"id":4,"type":"info","level":2,"name":"loader","meta":{},"content":"apply plugin \u001b[38;5;45mserver:j0w1cg\u001b[0m","timestamp":1755074966583}
{"id":5,"type":"info","level":2,"name":"loader","meta":{},"content":"apply plugin \u001b[38;5;45mgroup:basic\u001b[0m","timestamp":1755074966963}
{"id":6,"type":"info","level":2,"name":"loader","meta":{},"content":"apply plugin \u001b[38;5;45mcommands:x0c2t8\u001b[0m","timestamp":1755074966964}
{"id":7,"type":"info","level":2,"name":"loader","meta":{},"content":"apply plugin \u001b[38;5;45mhelp:lqqvls\u001b[0m","timestamp":1755074966970}
{"id":8,"type":"info","level":2,"name":"loader","meta":{},"content":"apply plugin \u001b[38;5;45mhttp:i0nxcx\u001b[0m","timestamp":1755074966975}
{"id":9,"type":"info","level":2,"name":"loader","meta":{},"content":"apply plugin \u001b[38;5;45mlocales:zrcx36\u001b[0m","timestamp":1755074966978}
{"id":10,"type":"info","level":2,"name":"loader","meta":{},"content":"apply plugin \u001b[38;5;45mproxy-agent:wm1w58\u001b[0m","timestamp":1755074966989}
{"id":11,"type":"info","level":2,"name":"loader","meta":{},"content":"apply plugin \u001b[38;5;45mrate-limit:jmrn0l\u001b[0m","timestamp":1755074967275}
{"id":12,"type":"info","level":2,"name":"loader","meta":{},"content":"apply plugin \u001b[38;5;45mtelemetry:80xu0n\u001b[0m","timestamp":1755074967280}
{"id":13,"type":"info","level":2,"name":"loader","meta":{},"content":"apply plugin \u001b[38;5;45mgroup:console\u001b[0m","timestamp":1755074967312}
{"id":14,"type":"info","level":2,"name":"loader","meta":{},"content":"apply plugin \u001b[38;5;45mactions:pvmlzu\u001b[0m","timestamp":1755074967313}
{"id":15,"type":"info","level":2,"name":"loader","meta":{},"content":"apply plugin \u001b[38;5;45manalytics:3lynae\u001b[0m","timestamp":1755074967318}
{"id":16,"type":"info","level":2,"name":"loader","meta":{},"content":"apply plugin \u001b[38;5;45mconfig:ca4k6j\u001b[0m","timestamp":1755074967327}
{"id":17,"type":"info","level":2,"name":"loader","meta":{},"content":"apply plugin \u001b[38;5;45mconsole:7ehmlf\u001b[0m","timestamp":1755074967414}
{"id":18,"type":"info","level":2,"name":"loader","meta":{},"content":"apply plugin \u001b[38;5;45mdataview:cdf8bt\u001b[0m","timestamp":1755074967436}
{"id":19,"type":"info","level":2,"name":"loader","meta":{},"content":"apply plugin \u001b[38;5;45mdesktop:fx3kqa\u001b[0m","timestamp":1755074967442}
{"id":20,"type":"info","level":2,"name":"loader","meta":{},"content":"apply plugin \u001b[38;5;45mexplorer:fdwmx4\u001b[0m","timestamp":1755074967450}
{"id":21,"type":"info","level":2,"name":"loader","meta":{},"content":"apply plugin \u001b[38;5;45mlogger:oz86yn\u001b[0m","timestamp":1755074967534}
{"id":22,"type":"info","level":2,"name":"loader","meta":{},"content":"apply plugin \u001b[38;5;45minsight:glebyt\u001b[0m","timestamp":1755074967540}
{"id":23,"type":"info","level":2,"name":"loader","meta":{},"content":"apply plugin \u001b[38;5;45mmarket:hi6jau\u001b[0m","timestamp":1755074967544}
{"id":24,"type":"info","level":2,"name":"loader","meta":{},"content":"apply plugin \u001b[38;5;45mnotifier:yilwjz\u001b[0m","timestamp":1755074967626}
{"id":25,"type":"info","level":2,"name":"loader","meta":{},"content":"apply plugin \u001b[38;5;45moobe:d8e8xg\u001b[0m","timestamp":1755074967630}
{"id":26,"type":"info","level":2,"name":"loader","meta":{},"content":"apply plugin \u001b[38;5;45msandbox:oqppzi\u001b[0m","timestamp":1755074967634}
{"id":27,"type":"info","level":2,"name":"loader","meta":{},"content":"apply plugin \u001b[38;5;45mstatus:ckhxym\u001b[0m","timestamp":1755074967641}
{"id":28,"type":"info","level":2,"name":"loader","meta":{},"content":"apply plugin \u001b[38;5;45mtheme-vanilla:iz5pa2\u001b[0m","timestamp":1755074967700}
{"id":29,"type":"info","level":2,"name":"loader","meta":{},"content":"apply plugin \u001b[38;5;45mgroup:storage\u001b[0m","timestamp":1755074967706}
{"id":30,"type":"info","level":2,"name":"loader","meta":{},"content":"apply plugin \u001b[38;5;45mdatabase-sqlite:1tdm2p\u001b[0m","timestamp":1755074967707}
{"id":31,"type":"info","level":2,"name":"loader","meta":{},"content":"apply plugin \u001b[38;5;45massets-local:gous88\u001b[0m","timestamp":1755074967730}
{"id":32,"type":"info","level":2,"name":"loader","meta":{},"content":"apply plugin \u001b[38;5;45mgroup:adapter\u001b[0m","timestamp":1755074967740}
{"id":33,"type":"info","level":2,"name":"assets","meta":{},"content":"missing config \"selfUrl\", fallback to \"file:\" scheme","timestamp":1755074967886}
{"id":34,"type":"info","level":2,"name":"server","meta":{},"content":"server listening at \u001b[38;5;57mhttp://127.0.0.1:5140\u001b[0m","timestamp":1755074968076}
{"id":35,"type":"info","level":2,"name":"console","meta":{},"content":"webui is available at \u001b[38;5;166mhttp://127.0.0.1:5140\u001b[0m","timestamp":1755074968077}
{"id":37,"type":"info","level":2,"name":"sqlite","meta":{},"content":"auto creating table \u001b[38;5;170muser\u001b[0m","timestamp":1755074968211}
{"id":40,"type":"info","level":2,"name":"sqlite","meta":{},"content":"auto creating table \u001b[38;5;170mbinding\u001b[0m","timestamp":1755074968240}
{"id":43,"type":"info","level":2,"name":"sqlite","meta":{},"content":"auto creating table \u001b[38;5;170mchannel\u001b[0m","timestamp":1755074968256}
{"id":46,"type":"info","level":2,"name":"sqlite","meta":{},"content":"auto creating table \u001b[38;5;170manalytics.message\u001b[0m","timestamp":1755074968277}
{"id":49,"type":"info","level":2,"name":"sqlite","meta":{},"content":"auto creating table \u001b[38;5;170manalytics.command\u001b[0m","timestamp":1755074968292}
{"id":51,"type":"success","level":1,"name":"telemetry","meta":{},"content":"\n欢迎使用 Koishi！\ntelemetry 服务是一组可选的 Koishi 服务，旨在通过分析您的 Koishi 使用情况来改善 Koishi 的使用体验、提供精确的插件使用量数据，并仅在您需要时为您提供支持。\n拒绝同意将影响我们提供的相关数据和功能，但不会影响 Koishi 的基础功能。\n要了解更多信息，请打开 Koishi 控制台并参阅我们的隐私政策。在您点击「同意」前，telemetry 服务不会启动。\n","timestamp":1755074968333}
{"id":94,"type":"info","level":2,"name":"market","meta":{},"content":"\u001b[1mYarn 4.1.1\u001b[22m","timestamp":1755075061028}
{"id":95,"type":"info","level":2,"name":"market","meta":{},"content":"┌ Resolution step","timestamp":1755075061096}
{"id":96,"type":"info","level":2,"name":"market","meta":{},"content":"\u001b[38;2;95;175;0m+\u001b[39m \u001b[38;2;215;135;95mkoishi-plugin-chatluna\u001b[39m\u001b[38;2;135;175;255m@\u001b[39m\u001b[38;2;135;175;255mnpm:1.3.0-alpha.7\u001b[39m, \u001b[38;2;215;135;95mkoishi\u001b[39m\u001b[38;2;135;175;255m@\u001b[39m\u001b[38;2;135;175;255mnpm:4.18.8\u001b[39m, \u001b[38;2;215;95;0m@cfworker/\u001b[39m\u001b[38;2;215;135;95mjson-schema\u001b[39m\u001b[38;2;135;175;255m@\u001b[39m\u001b[38;2;135;175;255mnpm:4.1.1\u001b[39m, \u001b[38;2;215;95;0m@cordisjs/\u001b[39m\u001b[38;2;215;135;95mcore\u001b[39m\u001b[38;2;135;175;255m@\u001b[39m\u001b[38;2;135;175;255mnpm:3.18.1\u001b[39m, \u001b[38;2;215;95;0m@cordisjs/\u001b[39m\u001b[38;2;215;135;95mloader\u001b[39m\u001b[38;2;135;175;255m@\u001b[39m\u001b[38;2;135;175;255mnpm:0.13.1\u001b[39m, and \u001b[38;2;255;215;0m61\u001b[39m more.","timestamp":1755075065335}
{"id":97,"type":"info","level":2,"name":"market","meta":{},"content":"\u001b[38;2;255;49;49m-\u001b[39m \u001b[38;2;215;95;0m@cordisjs/\u001b[39m\u001b[38;2;215;135;95mcore\u001b[39m\u001b[38;2;135;175;255m@\u001b[39m\u001b[38;2;135;175;255mnpm:3.16.0\u001b[39m, \u001b[38;2;215;95;0m@cordisjs/\u001b[39m\u001b[38;2;215;135;95mloader\u001b[39m\u001b[38;2;135;175;255m@\u001b[39m\u001b[38;2;135;175;255mnpm:0.11.0\u001b[39m, \u001b[38;2;215;95;0m@cordisjs/\u001b[39m\u001b[38;2;215;135;95mlogger\u001b[39m\u001b[38;2;135;175;255m@\u001b[39m\u001b[38;2;135;175;255mnpm:0.3.2\u001b[39m, \u001b[38;2;215;95;0m@koishijs/\u001b[39m\u001b[38;2;215;135;95mcore\u001b[39m\u001b[38;2;135;175;255m@\u001b[39m\u001b[38;2;135;175;255mnpm:4.17.7\u001b[39m, \u001b[38;2;215;95;0m@koishijs/\u001b[39m\u001b[38;2;215;135;95mloader\u001b[39m\u001b[38;2;135;175;255m@\u001b[39m\u001b[38;2;135;175;255mnpm:4.5.7\u001b[39m, and \u001b[38;2;255;215;0m6\u001b[39m more.","timestamp":1755075065336}
{"id":98,"type":"info","level":2,"name":"market","meta":{},"content":"└ Completed in 4s 273ms","timestamp":1755075065370}
{"id":99,"type":"info","level":2,"name":"market","meta":{},"content":"┌ Post-resolution validation","timestamp":1755075065371}
{"id":102,"type":"info","level":2,"name":"market","meta":{},"content":"└ Completed","timestamp":1755075065372}
{"id":103,"type":"info","level":2,"name":"market","meta":{},"content":"┌ Fetch step","timestamp":1755075065372}
{"id":104,"type":"info","level":2,"name":"market","meta":{},"content":"\u001b[38;2;255;215;0m433\u001b[39m packages were added to the project (\u001b[38;2;255;49;49m+ 89.43 MiB\u001b[39m).","timestamp":1755075113952}
{"id":105,"type":"info","level":2,"name":"market","meta":{},"content":"└ Completed in 48s 580ms","timestamp":1755075113954}
{"id":106,"type":"info","level":2,"name":"market","meta":{},"content":"┌ Link step","timestamp":1755075114047}
{"id":107,"type":"info","level":2,"name":"market","meta":{},"content":"└ Completed in 5s 693ms","timestamp":1755075119738}
{"id":109,"type":"error","level":1,"name":"market","meta":{},"content":"Error: Cannot find module 'koishi-plugin-chatluna'\nRequire stack:\n- C:\\Users\\tsukikage yura\\AppData\\Roaming\\Koishi\\Desktop\\data\\instances\\default\\node_modules\\@koishijs\\plugin-market\\lib\\node\\index.js\n- C:\\Users\\tsukikage yura\\AppData\\Roaming\\Koishi\\Desktop\\data\\instances\\default\\node_modules\\@koishijs\\loader\\lib\\index.js\n- C:\\Users\\tsukikage yura\\AppData\\Roaming\\Koishi\\Desktop\\data\\instances\\default\\node_modules\\koishi\\lib\\worker\\index.js\n    at Module._resolveFilename (node:internal/modules/cjs/loader:1143:15)\n    at Function.resolve (node:internal/modules/helpers:190:19)\n    at Proxy.install (C:\\Users\\tsukikage yura\\AppData\\Roaming\\Koishi\\Desktop\\data\\instances\\default\\node_modules\\@koishijs\\plugin-market\\lib\\node\\index.js:330:23)\n    at process.processTicksAndRejections (node:internal/process/task_queues:95:5)\n    at async ctx2.console.addListener.authority (C:\\Users\\tsukikage yura\\AppData\\Roaming\\Koishi\\Desktop\\data\\instances\\default\\node_modules\\@koishijs\\plugin-market\\lib\\node\\index.js:568:20)\n    at async WebSocket.receive (C:\\Users\\tsukikage yura\\AppData\\Roaming\\Koishi\\Desktop\\data\\instances\\default\\node_modules\\@koishijs\\console\\lib\\index.js:127:21)","timestamp":1755075122513}
